<?xml version="1.0" encoding="UTF-8"?>
<!-- Generated by org.testng.reporters.JUnitReportReporter -->
<testsuite hostname="EPBYMINW0918" name="by.epam.tests.YandexMailTest" tests="1" failures="0" timestamp="21 May 2015 13:27:32 GMT" time="16.970" errors="0">
  <testcase name="testYandexMailBox" time="16.970" classname="by.epam.tests.YandexMailTest"/>
</testsuite> <!-- by.epam.tests.YandexMailTest -->
