<?xml version="1.0" encoding="UTF-8"?>
<!-- Generated by org.testng.reporters.JUnitReportReporter -->
<testsuite hostname="EPBYMINW0918" name="by.epam.tests.YandexMailTest" tests="1" failures="0" timestamp="21 May 2015 13:30:11 GMT" time="18.280" errors="0">
  <testcase name="testYandexMailBox" time="18.280" classname="by.epam.tests.YandexMailTest"/>
</testsuite> <!-- by.epam.tests.YandexMailTest -->
